<?xml version="1.0" encoding="UTF-8"?>
<testng-results ignored="1" total="5" passed="3" failed="1" skipped="0">
  <reporter-output>
  </reporter-output>
  <suite started-at="2019-11-15T10:04:26Z" name="Default suite" finished-at="2019-11-15T10:06:43Z" duration-ms="137028">
    <groups>
    </groups>
    <test started-at="2019-11-15T10:04:26Z" name="Default test" finished-at="2019-11-15T10:06:43Z" duration-ms="137028">
      <class name="com.qa.hubspot.testpages.ContactspageTest">
        <test-method is-config="true" signature="setup()[pri:0, instance:com.qa.hubspot.testpages.ContactspageTest@7ea37dbf]" started-at="2019-11-15T10:04:27Z" name="setup" finished-at="2019-11-15T10:04:51Z" duration-ms="24720" status="PASS">
          <reporter-output>
          </reporter-output>
        </test-method> <!-- setup -->
        <test-method signature="CreateContact(java.lang.String, java.lang.String, java.lang.String, java.lang.String)[pri:2, instance:com.qa.hubspot.testpages.ContactspageTest@7ea37dbf]" started-at="2019-11-15T10:04:51Z" name="CreateContact" data-provider="getexceldata" finished-at="2019-11-15T10:05:10Z" duration-ms="18739" status="FAIL">
          <params>
            <param index="0">
              <value>
                <![CDATA[ravi@gmailq.com]]>
              </value>
            </param>
            <param index="1">
              <value>
                <![CDATA[Raviq]]>
              </value>
            </param>
            <param index="2">
              <value>
                <![CDATA[Kumarq]]>
              </value>
            </param>
            <param index="3">
              <value>
                <![CDATA[Assistant Engineerq]]>
              </value>
            </param>
          </params>
          <exception class="org.openqa.selenium.TimeoutException">
            <message>
              <![CDATA[Expected condition failed: waiting for presence of element located by: By.xpath: //input[@data-field = 'email'] (tried for 15 second(s) with 500 milliseconds interval)]]>
            </message>
            <full-stacktrace>
              <![CDATA[org.openqa.selenium.TimeoutException: Expected condition failed: waiting for presence of element located by: By.xpath: //input[@data-field = 'email'] (tried for 15 second(s) with 500 milliseconds interval)
at org.openqa.selenium.support.ui.WebDriverWait.timeoutException(WebDriverWait.java:95)
at org.openqa.selenium.support.ui.FluentWait.until(FluentWait.java:272)
at com.qa.hubspot.util.ElementUtil.explicitWait(ElementUtil.java:69)
at com.qa.hubspot.page.Contactspage.createNewContact(Contactspage.java:38)
at com.qa.hubspot.testpages.ContactspageTest.CreateContact(ContactspageTest.java:66)
at java.base/jdk.internal.reflect.NativeMethodAccessorImpl.invoke0(Native Method)
at java.base/jdk.internal.reflect.NativeMethodAccessorImpl.invoke(NativeMethodAccessorImpl.java:62)
at java.base/jdk.internal.reflect.DelegatingMethodAccessorImpl.invoke(DelegatingMethodAccessorImpl.java:43)
at java.base/java.lang.reflect.Method.invoke(Method.java:567)
at org.testng.internal.MethodInvocationHelper.invokeMethod(MethodInvocationHelper.java:124)
at org.testng.internal.Invoker.invokeMethod(Invoker.java:583)
at org.testng.internal.Invoker.invokeTestMethod(Invoker.java:719)
at org.testng.internal.Invoker.invokeTestMethods(Invoker.java:989)
at org.testng.internal.TestMethodWorker.invokeTestMethods(TestMethodWorker.java:125)
at org.testng.internal.TestMethodWorker.run(TestMethodWorker.java:109)
at org.testng.TestRunner.privateRun(TestRunner.java:648)
at org.testng.TestRunner.run(TestRunner.java:505)
at org.testng.SuiteRunner.runTest(SuiteRunner.java:455)
at org.testng.SuiteRunner.runSequentially(SuiteRunner.java:450)
at org.testng.SuiteRunner.privateRun(SuiteRunner.java:415)
at org.testng.SuiteRunner.run(SuiteRunner.java:364)
at org.testng.SuiteRunnerWorker.runSuite(SuiteRunnerWorker.java:52)
at org.testng.SuiteRunnerWorker.run(SuiteRunnerWorker.java:84)
at org.testng.TestNG.runSuitesSequentially(TestNG.java:1208)
at org.testng.TestNG.runSuitesLocally(TestNG.java:1137)
at org.testng.TestNG.runSuites(TestNG.java:1049)
at org.testng.TestNG.run(TestNG.java:1017)
at org.testng.remote.AbstractRemoteTestNG.run(AbstractRemoteTestNG.java:115)
at org.testng.remote.RemoteTestNG.initAndRun(RemoteTestNG.java:251)
at org.testng.remote.RemoteTestNG.main(RemoteTestNG.java:77)
Caused by: org.openqa.selenium.NoSuchElementException: no such element: Unable to locate element: {"method":"xpath","selector":"//input[@data-field = 'email']"}
  (Session info: chrome=78.0.3904.97)
For documentation on this error, please visit: https://www.seleniumhq.org/exceptions/no_such_element.html
Build info: version: '3.141.59', revision: 'e82be7d358', time: '2018-11-14T08:17:03'
System info: host: 'KELLGGNLPTP042', ip: '192.168.2.204', os.name: 'Windows 7', os.arch: 'amd64', os.version: '6.1', java.version: '12.0.2'
Driver info: org.openqa.selenium.chrome.ChromeDriver
Capabilities {acceptInsecureCerts: false, browserName: chrome, browserVersion: 78.0.3904.97, chrome: {chromedriverVersion: 77.0.3865.40 (f484704e052e0..., userDataDir: C:\Users\NADEEM~1\AppData\L...}, goog:chromeOptions: {debuggerAddress: localhost:59310}, javascriptEnabled: true, networkConnectionEnabled: false, pageLoadStrategy: normal, platform: XP, platformName: XP, proxy: Proxy(), setWindowRect: true, strictFileInteractability: false, timeouts: {implicit: 0, pageLoad: 300000, script: 30000}, unhandledPromptBehavior: dismiss and notify}
Session ID: dbfb1cfde80a6faf0b12aacb9466229c
*** Element info: {Using=xpath, value=//input[@data-field = 'email']}
at jdk.internal.reflect.GeneratedConstructorAccessor15.newInstance(Unknown Source)
at java.base/jdk.internal.reflect.DelegatingConstructorAccessorImpl.newInstance(DelegatingConstructorAccessorImpl.java:45)
at java.base/java.lang.reflect.Constructor.newInstanceWithCaller(Constructor.java:500)
at java.base/java.lang.reflect.Constructor.newInstance(Constructor.java:481)
at org.openqa.selenium.remote.http.W3CHttpResponseCodec.createException(W3CHttpResponseCodec.java:187)
at org.openqa.selenium.remote.http.W3CHttpResponseCodec.decode(W3CHttpResponseCodec.java:122)
at org.openqa.selenium.remote.http.W3CHttpResponseCodec.decode(W3CHttpResponseCodec.java:49)
at org.openqa.selenium.remote.HttpCommandExecutor.execute(HttpCommandExecutor.java:158)
at org.openqa.selenium.remote.service.DriverCommandExecutor.execute(DriverCommandExecutor.java:83)
at org.openqa.selenium.remote.RemoteWebDriver.execute(RemoteWebDriver.java:552)
at org.openqa.selenium.remote.RemoteWebDriver.findElement(RemoteWebDriver.java:323)
at org.openqa.selenium.remote.RemoteWebDriver.findElementByXPath(RemoteWebDriver.java:428)
at org.openqa.selenium.By$ByXPath.findElement(By.java:353)
at org.openqa.selenium.remote.RemoteWebDriver.findElement(RemoteWebDriver.java:315)
at org.openqa.selenium.support.ui.ExpectedConditions$6.apply(ExpectedConditions.java:182)
at org.openqa.selenium.support.ui.ExpectedConditions$6.apply(ExpectedConditions.java:179)
at org.openqa.selenium.support.ui.FluentWait.until(FluentWait.java:249)
... 28 more
]]>
            </full-stacktrace>
          </exception> <!-- org.openqa.selenium.TimeoutException -->
          <reporter-output>
          </reporter-output>
        </test-method> <!-- CreateContact -->
        <test-method is-config="true" signature="TearDown()[pri:0, instance:com.qa.hubspot.testpages.ContactspageTest@7ea37dbf]" started-at="2019-11-15T10:05:10Z" name="TearDown" finished-at="2019-11-15T10:05:12Z" duration-ms="1279" status="PASS">
          <reporter-output>
          </reporter-output>
        </test-method> <!-- TearDown -->
        <test-method is-config="true" signature="setup()[pri:0, instance:com.qa.hubspot.testpages.ContactspageTest@7ea37dbf]" started-at="2019-11-15T10:05:12Z" name="setup" finished-at="2019-11-15T10:05:36Z" duration-ms="24967" status="PASS">
          <reporter-output>
          </reporter-output>
        </test-method> <!-- setup -->
        <test-method signature="CreateContact(java.lang.String, java.lang.String, java.lang.String, java.lang.String)[pri:2, instance:com.qa.hubspot.testpages.ContactspageTest@7ea37dbf]" started-at="2019-11-15T10:05:36Z" name="CreateContact" data-provider="getexceldata" finished-at="2019-11-15T10:05:41Z" duration-ms="4410" status="PASS">
          <params>
            <param index="0">
              <value>
                <![CDATA[kavya@gmailq.com]]>
              </value>
            </param>
            <param index="1">
              <value>
                <![CDATA[Kavyaq]]>
              </value>
            </param>
            <param index="2">
              <value>
                <![CDATA[Ahmedq]]>
              </value>
            </param>
            <param index="3">
              <value>
                <![CDATA[Production Engineer]]>
              </value>
            </param>
          </params>
          <reporter-output>
          </reporter-output>
        </test-method> <!-- CreateContact -->
        <test-method is-config="true" signature="TearDown()[pri:0, instance:com.qa.hubspot.testpages.ContactspageTest@7ea37dbf]" started-at="2019-11-15T10:05:41Z" name="TearDown" finished-at="2019-11-15T10:05:42Z" duration-ms="1124" status="PASS">
          <reporter-output>
          </reporter-output>
        </test-method> <!-- TearDown -->
        <test-method is-config="true" signature="setup()[pri:0, instance:com.qa.hubspot.testpages.ContactspageTest@7ea37dbf]" started-at="2019-11-15T10:05:42Z" name="setup" finished-at="2019-11-15T10:06:04Z" duration-ms="22055" status="PASS">
          <reporter-output>
          </reporter-output>
        </test-method> <!-- setup -->
        <test-method signature="CreateContact(java.lang.String, java.lang.String, java.lang.String, java.lang.String)[pri:2, instance:com.qa.hubspot.testpages.ContactspageTest@7ea37dbf]" started-at="2019-11-15T10:06:04Z" name="CreateContact" data-provider="getexceldata" finished-at="2019-11-15T10:06:13Z" duration-ms="8487" status="PASS">
          <params>
            <param index="0">
              <value>
                <![CDATA[Anjana@gmailq.com]]>
              </value>
            </param>
            <param index="1">
              <value>
                <![CDATA[Anjana]]>
              </value>
            </param>
            <param index="2">
              <value>
                <![CDATA[Reddy]]>
              </value>
            </param>
            <param index="3">
              <value>
                <![CDATA[QA Engineer]]>
              </value>
            </param>
          </params>
          <reporter-output>
          </reporter-output>
        </test-method> <!-- CreateContact -->
        <test-method is-config="true" signature="TearDown()[pri:0, instance:com.qa.hubspot.testpages.ContactspageTest@7ea37dbf]" started-at="2019-11-15T10:06:13Z" name="TearDown" finished-at="2019-11-15T10:06:14Z" duration-ms="1156" status="PASS">
          <reporter-output>
          </reporter-output>
        </test-method> <!-- TearDown -->
        <test-method is-config="true" signature="setup()[pri:0, instance:com.qa.hubspot.testpages.ContactspageTest@7ea37dbf]" started-at="2019-11-15T10:06:14Z" name="setup" finished-at="2019-11-15T10:06:37Z" duration-ms="23726" status="PASS">
          <reporter-output>
          </reporter-output>
        </test-method> <!-- setup -->
        <test-method signature="CreateContact(java.lang.String, java.lang.String, java.lang.String, java.lang.String)[pri:2, instance:com.qa.hubspot.testpages.ContactspageTest@7ea37dbf]" started-at="2019-11-15T10:06:37Z" name="CreateContact" data-provider="getexceldata" finished-at="2019-11-15T10:06:41Z" duration-ms="4001" status="PASS">
          <params>
            <param index="0">
              <value>
                <![CDATA[vikash@gmailq.com]]>
              </value>
            </param>
            <param index="1">
              <value>
                <![CDATA[Vikash]]>
              </value>
            </param>
            <param index="2">
              <value>
                <![CDATA[Kumar]]>
              </value>
            </param>
            <param index="3">
              <value>
                <![CDATA[Developer]]>
              </value>
            </param>
          </params>
          <reporter-output>
          </reporter-output>
        </test-method> <!-- CreateContact -->
        <test-method is-config="true" signature="TearDown()[pri:0, instance:com.qa.hubspot.testpages.ContactspageTest@7ea37dbf]" started-at="2019-11-15T10:06:41Z" name="TearDown" finished-at="2019-11-15T10:06:43Z" duration-ms="1100" status="PASS">
          <reporter-output>
          </reporter-output>
        </test-method> <!-- TearDown -->
      </class> <!-- com.qa.hubspot.testpages.ContactspageTest -->
    </test> <!-- Default test -->
  </suite> <!-- Default suite -->
</testng-results>
